<?xml version="1.0" encoding="UTF-8"?>
<testng-results skipped="0" failed="0" ignored="0" total="1" passed="1">
  <reporter-output>
  </reporter-output>
  <suite name="Default suite" duration-ms="66879" started-at="2019-10-11T12:53:13Z" finished-at="2019-10-11T12:54:20Z">
    <groups>
    </groups>
    <test name="Default test" duration-ms="66879" started-at="2019-10-11T12:53:13Z" finished-at="2019-10-11T12:54:20Z">
      <class name="net.Phptravels.phptravels.net.Phptravels.phptravels.TestTour">
        <test-method status="PASS" signature="initialize()[pri:0, instance:net.Phptravels.phptravels.net.Phptravels.phptravels.TestTour@5c7fa833]" name="initialize" is-config="true" duration-ms="26159" started-at="2019-10-11T18:23:13Z" finished-at="2019-10-11T18:23:39Z">
          <reporter-output>
          </reporter-output>
        </test-method> <!-- initialize -->
        <test-method status="PASS" signature="runtest()[pri:0, instance:net.Phptravels.phptravels.net.Phptravels.phptravels.TestTour@5c7fa833]" name="runtest" duration-ms="28721" started-at="2019-10-11T18:23:39Z" finished-at="2019-10-11T18:24:08Z">
          <reporter-output>
          </reporter-output>
        </test-method> <!-- runtest -->
        <test-method status="PASS" signature="close()[pri:0, instance:net.Phptravels.phptravels.net.Phptravels.phptravels.TestTour@5c7fa833]" name="close" is-config="true" duration-ms="11943" started-at="2019-10-11T18:24:08Z" finished-at="2019-10-11T18:24:20Z">
          <reporter-output>
          </reporter-output>
        </test-method> <!-- close -->
      </class> <!-- net.Phptravels.phptravels.net.Phptravels.phptravels.TestTour -->
    </test> <!-- Default test -->
  </suite> <!-- Default suite -->
</testng-results>
